  Jekyll Spaceship: [1m🚀 Jekyll-Spaceship 0.10.2[0m
  Jekyll Spaceship: [1m🎉 A Jekyll plugin to provide powerful supports.[0m
  Jekyll Spaceship: [1m👉 [4mhttps://github.com/jeffreytse/jekyll-spaceship[0m
Configuration file: /teamspace/studios/this_studio/AiRA/_config.yaml
/var/lib/gems/3.2.0/gems/io-event-1.4.4/lib/io/event/support.rb:27: warning: IO::Buffer is experimental and both the Ruby and C interface may change in the future!
  Jekyll Spaceship: 🗂  use table-processor
  Jekyll Spaceship: 🗂  use mathjax-processor
  Jekyll Spaceship: 🗂  use plantuml-processor
  Jekyll Spaceship: 🗂  use mermaid-processor
  Jekyll Spaceship: 🗂  use polyfill-processor
  Jekyll Spaceship: 🗂  use media-processor
  Jekyll Spaceship: 🗂  use emoji-processor
  Jekyll Spaceship: 🗂  use element-processor
            Source: /teamspace/studios/this_studio/AiRA
       Destination: /teamspace/studios/this_studio/AiRA/_site
 Incremental build: enabled
      Generating... 
       Jekyll Feed: Generating feed for posts
                    done in 0.448 seconds.
 Auto-regeneration: enabled for '/teamspace/studios/this_studio/AiRA'
    Server address: http://0.0.0.0:4000/AiRA/
  Server running... press ctrl-c to stop.
      Regenerating: 1 file(s) changed at 2025-11-21 10:20:44
                    projects/index.md
       Jekyll Feed: Generating feed for posts
                    ...done in 0.620763165 seconds.
                    
[31m                    ------------------------------------------------[0m
[31m      Jekyll 4.3.2   Please append `--trace` to the `serve` command [0m
[31m                     for any additional information or backtrace. [0m
[31m                    ------------------------------------------------[0m
/var/lib/gems/3.2.0/gems/jekyll-4.3.2/lib/jekyll/commands/serve.rb:286:in `join': SIGTERM (SignalException)
	from /var/lib/gems/3.2.0/gems/jekyll-4.3.2/lib/jekyll/commands/serve.rb:286:in `boot_or_detach'
	from /var/lib/gems/3.2.0/gems/jekyll-4.3.2/lib/jekyll/commands/serve.rb:223:in `start_up_webrick'
	from /var/lib/gems/3.2.0/gems/jekyll-4.3.2/lib/jekyll/commands/serve.rb:102:in `process'
	from /var/lib/gems/3.2.0/gems/jekyll-4.3.2/lib/jekyll/command.rb:91:in `block in process_with_graceful_fail'
	from /var/lib/gems/3.2.0/gems/jekyll-4.3.2/lib/jekyll/command.rb:91:in `each'
	from /var/lib/gems/3.2.0/gems/jekyll-4.3.2/lib/jekyll/command.rb:91:in `process_with_graceful_fail'
	from /var/lib/gems/3.2.0/gems/jekyll-4.3.2/lib/jekyll/commands/serve.rb:86:in `block (2 levels) in init_with_program'
	from /var/lib/gems/3.2.0/gems/mercenary-0.4.0/lib/mercenary/command.rb:221:in `block in execute'
	from /var/lib/gems/3.2.0/gems/mercenary-0.4.0/lib/mercenary/command.rb:221:in `each'
	from /var/lib/gems/3.2.0/gems/mercenary-0.4.0/lib/mercenary/command.rb:221:in `execute'
	from /var/lib/gems/3.2.0/gems/mercenary-0.4.0/lib/mercenary/program.rb:44:in `go'
	from /var/lib/gems/3.2.0/gems/mercenary-0.4.0/lib/mercenary.rb:21:in `program'
	from /var/lib/gems/3.2.0/gems/jekyll-4.3.2/exe/jekyll:15:in `<top (required)>'
	from /usr/local/bin/jekyll:25:in `load'
	from /usr/local/bin/jekyll:25:in `<main>'
